This is e-pTeX, Version 3.14159265-p3.8.2-190131-2.6 (utf8.euc) (TeX Live 2019) (preloaded format=platex 2019.5.8)  23 APR 2022 15:54
entering extended mode
 restricted \write18 enabled.
 %&-line parsing enabled.
**dc.tex
(./dc.tex
pLaTeX2e <2019-04-06> (based on LaTeX2e <2018-12-01>)
(/usr/local/texlive/2019/texmf-dist/tex/platex/base/jarticle.cls
Document Class: jarticle 2019/10/17 v1.8c Standard pLaTeX class
\c@@paper=\count83
(/usr/local/texlive/2019/texmf-dist/tex/platex/base/jsize11.clo
File: jsize11.clo 2019/10/17 v1.8c Standard pLaTeX file (size option)
)
\c@part=\count84
\c@section=\count85
\c@subsection=\count86
\c@subsubsection=\count87
\c@paragraph=\count88
\c@subparagraph=\count89
\c@figure=\count90
\c@table=\count91
\abovecaptionskip=\skip41
\belowcaptionskip=\skip42
\symmincho=\mathgroup4
LaTeX Font Info:    Overwriting symbol font `mincho' in version `bold'
(Font)                  JY1/mc/m/n --> JY1/gt/m/n on input line 614.
\toclineskip=\dimen118
\@lnumwidth=\dimen119
\bibindent=\dimen120
\heisei=\count92
)
(./pieces/form00_header.tex
(/usr/local/texlive/2019/texmf-dist/tex/latex/tools/calc.sty
Package: calc 2017/05/25 v4.3 Infix arithmetic (KKT,FJ)
\calc@Acount=\count93
\calc@Bcount=\count94
\calc@Adimen=\dimen121
\calc@Bdimen=\dimen122
\calc@Askip=\skip43
\calc@Bskip=\skip44
LaTeX Info: Redefining \setlength on input line 80.
LaTeX Info: Redefining \addtolength on input line 81.
\calc@Ccount=\count95
\calc@Cskip=\skip45
)
(/usr/local/texlive/2019/texmf-dist/tex/latex/geometry/geometry.sty
Package: geometry 2020/01/02 v5.9 Page Geometry

(/usr/local/texlive/2019/texmf-dist/tex/latex/graphics/keyval.sty
Package: keyval 2014/10/28 v1.15 key=value parser (DPC)
\KV@toks@=\toks15
)
(/usr/local/texlive/2019/texmf-dist/tex/generic/iftex/ifvtex.sty
Package: ifvtex 2019/10/25 v1.7 ifvtex legacy package. Use iftex instead.

(/usr/local/texlive/2019/texmf-dist/tex/generic/iftex/iftex.sty
Package: iftex 2019/11/07 v1.0c TeX engine tests
))
\Gm@cnth=\count96
\Gm@cntv=\count97
\c@Gm@tempcnt=\count98
\Gm@bindingoffset=\dimen123
\Gm@wd@mp=\dimen124
\Gm@odd@mp=\dimen125
\Gm@even@mp=\dimen126
\Gm@layoutwidth=\dimen127
\Gm@layoutheight=\dimen128
\Gm@layouthoffset=\dimen129
\Gm@layoutvoffset=\dimen130
\Gm@dimlist=\toks16
)
(/usr/local/texlive/2019/texmf-dist/tex/latex/graphics/graphicx.sty
Package: graphicx 2017/06/01 v1.1a Enhanced LaTeX Graphics (DPC,SPQR)

(/usr/local/texlive/2019/texmf-dist/tex/latex/graphics/graphics.sty
Package: graphics 2019/11/01 v1.3d Standard LaTeX Graphics (DPC,SPQR)

(/usr/local/texlive/2019/texmf-dist/tex/latex/graphics/trig.sty
Package: trig 2016/01/03 v1.10 sin cos tan (DPC)
)
(/usr/local/texlive/2019/texmf-dist/tex/latex/graphics-cfg/graphics.cfg
File: graphics.cfg 2016/06/04 v1.11 sample graphics configuration
)
Package graphics Info: Driver file: dvipdfmx.def on input line 105.

(/usr/local/texlive/2019/texmf-dist/tex/latex/graphics-def/dvipdfmx.def
File: dvipdfmx.def 2017/06/24 v5.0g Graphics/color driver for dvipdfmx
))
\Gin@req@height=\dimen131
\Gin@req@width=\dimen132
)
(/usr/local/texlive/2019/texmf-dist/tex/latex/graphics/color.sty
Package: color 2016/07/10 v1.1e Standard LaTeX Color (DPC)

(/usr/local/texlive/2019/texmf-dist/tex/latex/graphics-cfg/color.cfg
File: color.cfg 2016/01/02 v1.6 sample color configuration
)
Package color Info: Driver file: dvipdfmx.def on input line 147.

(/usr/local/texlive/2019/texmf-dist/tex/latex/graphics/dvipsnam.def
File: dvipsnam.def 2016/06/17 v3.0m Driver-dependent file (DPC,SPQR)
))
(/usr/local/texlive/2019/texmf-dist/tex/latex/base/ifthen.sty
Package: ifthen 2014/09/29 v1.1c Standard LaTeX ifthen package (DPC)
) (./udline.sty
Package: udline 2005/01/28 下線マクロ ver2.52：ロードします
)
(/usr/local/texlive/2019/texmf-dist/tex/latex/tools/array.sty
Package: array 2019/08/31 v2.4l Tabular extension package (FMi)
\col@sep=\dimen133
\ar@mcellbox=\box43
\extrarowheight=\dimen134
\NC@list=\toks17
\extratabsurround=\skip46
\backup@length=\skip47
\ar@cellbox=\box44
)
(/usr/local/texlive/2019/texmf-dist/tex/latex/tools/longtable.sty
Package: longtable 2019/02/06 v4.12 Multi-page Table package (DPC)
\LTleft=\skip48
\LTright=\skip49
\LTpre=\skip50
\LTpost=\skip51
\LTchunksize=\count99
\LTcapwidth=\dimen135
\LT@head=\box45
\LT@firsthead=\box46
\LT@foot=\box47
\LT@lastfoot=\box48
\LT@cols=\count100
\LT@rows=\count101
\c@LT@tables=\count102
\c@LT@chunks=\count103
\LT@p@ftn=\toks18
))
(/usr/local/texlive/2019/texmf-dist/tex/latex/fancyhdr/fancyhdr.sty
Package: fancyhdr 2019/01/31 v3.10 Extensive control of page headers and footer
s
\f@nch@headwidth=\skip52
\f@nch@O@elh=\skip53
\f@nch@O@erh=\skip54
\f@nch@O@olh=\skip55
\f@nch@O@orh=\skip56
\f@nch@O@elf=\skip57
\f@nch@O@erf=\skip58
\f@nch@O@olf=\skip59
\f@nch@O@orf=\skip60
)
(./pieces/kakenhi7.tex
\Numa=\count104
\Numb=\count105
\c@kyen=\count106
\c@KLtmp=\count107
\c@KLCost=\count108
\c@KLGrandTotalValue=\count109
\c@KLYearCount=\count110
\c@KLPrintYear=\count111
\c@KLequipments0=\count112
\c@KLequipments1=\count113
\c@KLequipments2=\count114
\c@KLequipments3=\count115
\c@KLequipments4=\count116
\c@KLequipments5=\count117
\c@KLequipments6=\count118
\c@KLequipments7=\count119
\c@KLexpendables0=\count120
\c@KLexpendables1=\count121
\c@KLexpendables2=\count122
\c@KLexpendables3=\count123
\c@KLexpendables4=\count124
\c@KLexpendables5=\count125
\c@KLexpendables6=\count126
\c@KLexpendables7=\count127
\c@KLdomestic0=\count128
\c@KLdomestic1=\count129
\c@KLdomestic2=\count130
\c@KLdomestic3=\count131
\c@KLdomestic4=\count132
\c@KLdomestic5=\count133
\c@KLdomestic6=\count134
\c@KLdomestic7=\count135
\c@KLforeign0=\count136
\c@KLforeign1=\count137
\c@KLforeign2=\count138
\c@KLforeign3=\count139
\c@KLforeign4=\count140
\c@KLforeign5=\count141
\c@KLforeign6=\count142
\c@KLforeign7=\count143
\c@KLtravel0=\count144
\c@KLtravel1=\count145
\c@KLtravel2=\count146
\c@KLtravel3=\count147
\c@KLtravel4=\count148
\c@KLtravel5=\count149
\c@KLtravel6=\count150
\c@KLtravel7=\count151
\c@KLgratitude0=\count152
\c@KLgratitude1=\count153
\c@KLgratitude2=\count154
\c@KLgratitude3=\count155
\c@KLgratitude4=\count156
\c@KLgratitude5=\count157
\c@KLgratitude6=\count158
\c@KLgratitude7=\count159
\c@KLmisc0=\count160
\c@KLmisc1=\count161
\c@KLmisc2=\count162
\c@KLmisc3=\count163
\c@KLmisc4=\count164
\c@KLmisc5=\count165
\c@KLmisc6=\count166
\c@KLmisc7=\count167
\c@KLAnnualSum0=\count168
\c@KLAnnualSum1=\count169
\c@KLAnnualSum2=\count170
\c@KLAnnualSum3=\count171
\c@KLAnnualSum4=\count172
\c@KLAnnualSum5=\count173
\c@KLAnnualSum6=\count174
\c@KLAnnualSum7=\count175
\c@KLSubjectEndPage=\count176
\KLLineLength=\skip61
\c@KLBibCounter=\count177
) (./pieces/form01_dcpd_header.tex
\KLCella=\skip62
\KLCellb=\skip63
\KLCellc=\skip64
\KLCelld=\skip65
\KLCelle=\skip66
\KLCellf=\skip67
\c@KLMaxYearCount=\count178
) (./pieces/hook3.tex)
(./pieces/form03_dcpd_headers.tex) (./pieces/form04_dc_header.tex)
(./pieces/inst_dcpd.tex)
(/usr/local/texlive/2019/texmf-dist/tex/latex/wrapfig/wrapfig.sty
\wrapoverhang=\dimen136
\WF@size=\dimen137
\c@WF@wrappedlines=\count179
\WF@box=\box49
\WF@everypar=\toks19
Package: wrapfig 2003/01/31  v 3.6
)
(/usr/local/texlive/2019/texmf-dist/tex/latex/lineno/lineno.sty
Package: lineno 2005/11/02 line numbers on paragraphs v4.41
\linenopenalty=\count180
\output=\toks20
\linenoprevgraf=\count181
\linenumbersep=\dimen138
\linenumberwidth=\dimen139
\c@linenumber=\count182
\c@pagewiselinenumber=\count183
\c@LN@truepage=\count184
\c@internallinenumber=\count185
\c@internallinenumbers=\count186
\quotelinenumbersep=\dimen140
\bframerule=\dimen141
\bframesep=\dimen142
\bframebox=\box50
LaTeX Info: Redefining \\ on input line 3056.
)
(/usr/local/texlive/2019/texmf-dist/tex/latex/amsmath/amsmath.sty
Package: amsmath 2019/11/16 v2.17d AMS math features
\@mathmargin=\skip68

For additional information on amsmath, use the `?' option.
(/usr/local/texlive/2019/texmf-dist/tex/latex/amsmath/amstext.sty
Package: amstext 2000/06/29 v2.01 AMS text

(/usr/local/texlive/2019/texmf-dist/tex/latex/amsmath/amsgen.sty
File: amsgen.sty 1999/11/30 v2.0 generic functions
\@emptytoks=\toks21
\ex@=\dimen143
))
(/usr/local/texlive/2019/texmf-dist/tex/latex/amsmath/amsbsy.sty
Package: amsbsy 1999/11/29 v1.2d Bold Symbols
\pmbraise@=\dimen144
)
(/usr/local/texlive/2019/texmf-dist/tex/latex/amsmath/amsopn.sty
Package: amsopn 2016/03/08 v2.02 operator names
)
\inf@bad=\count187
LaTeX Info: Redefining \frac on input line 227.
\uproot@=\count188
\leftroot@=\count189
LaTeX Info: Redefining \overline on input line 389.
\classnum@=\count190
\DOTSCASE@=\count191
LaTeX Info: Redefining \ldots on input line 486.
LaTeX Info: Redefining \dots on input line 489.
LaTeX Info: Redefining \cdots on input line 610.
\Mathstrutbox@=\box51
\strutbox@=\box52
\big@size=\dimen145
LaTeX Font Info:    Redeclaring font encoding OML on input line 733.
LaTeX Font Info:    Redeclaring font encoding OMS on input line 734.
\macc@depth=\count192
\c@MaxMatrixCols=\count193
\dotsspace@=\muskip10
\c@parentequation=\count194
\dspbrk@lvl=\count195
\tag@help=\toks22
\row@=\count196
\column@=\count197
\maxfields@=\count198
\andhelp@=\toks23
\eqnshift@=\dimen146
\alignsep@=\dimen147
\tagshift@=\dimen148
\tagwidth@=\dimen149
\totwidth@=\dimen150
\lineht@=\dimen151
\@envbody=\toks24
\multlinegap=\skip69
\multlinetaggap=\skip70
\mathdisplay@stack=\toks25
LaTeX Info: Redefining \[ on input line 2858.
LaTeX Info: Redefining \] on input line 2859.
)
(/usr/local/texlive/2019/texmf-dist/tex/latex/amsfonts/amsfonts.sty
Package: amsfonts 2013/01/14 v3.01 Basic AMSFonts support
\symAMSa=\mathgroup5
\symAMSb=\mathgroup6
LaTeX Font Info:    Overwriting math alphabet `\mathfrak' in version `bold'
(Font)                  U/euf/m/n --> U/euf/b/n on input line 106.
)
(/usr/local/texlive/2019/texmf-dist/tex/latex/base/latexsym.sty
Package: latexsym 1998/08/17 v2.2e Standard LaTeX package (lasy symbols)
\symlasy=\mathgroup7
LaTeX Font Info:    Overwriting symbol font `lasy' in version `bold'
(Font)                  U/lasy/m/n --> U/lasy/b/n on input line 52.
)
(/usr/local/texlive/2019/texmf-dist/tex/latex/amscls/amsthm.sty
Package: amsthm 2017/10/31 v2.20.4
\thm@style=\toks26
\thm@bodyfont=\toks27
\thm@headfont=\toks28
\thm@notefont=\toks29
\thm@headpunct=\toks30
\thm@preskip=\skip71
\thm@postskip=\skip72
\thm@headsep=\skip73
\dth@everypar=\toks31
)
(./pieces/hook5.tex) (./dc.aux

LaTeX Warning: Label `teramura' multiply defined.


LaTeX Warning: Label `teramura' multiply defined.


LaTeX Warning: Label `teramura' multiply defined.


LaTeX Warning: Label `teramura' multiply defined.

)
\openout1 = `dc.aux'.

LaTeX Font Info:    Checking defaults for OML/cmm/m/it on input line 62.
LaTeX Font Info:    ... okay on input line 62.
LaTeX Font Info:    Checking defaults for T1/cmr/m/n on input line 62.
LaTeX Font Info:    ... okay on input line 62.
LaTeX Font Info:    Checking defaults for OT1/cmr/m/n on input line 62.
LaTeX Font Info:    ... okay on input line 62.
LaTeX Font Info:    Checking defaults for OMS/cmsy/m/n on input line 62.
LaTeX Font Info:    ... okay on input line 62.
LaTeX Font Info:    Checking defaults for OMX/cmex/m/n on input line 62.
LaTeX Font Info:    ... okay on input line 62.
LaTeX Font Info:    Checking defaults for U/cmr/m/n on input line 62.
LaTeX Font Info:    ... okay on input line 62.
LaTeX Font Info:    Checking defaults for JY1/mc/m/n on input line 62.
LaTeX Font Info:    ... okay on input line 62.
LaTeX Font Info:    Checking defaults for JT1/mc/m/n on input line 62.
LaTeX Font Info:    ... okay on input line 62.

*geometry* detected driver: dvipdfm
*geometry* verbose mode - [ preamble ] result:
* driver: dvipdfm
* paper: <default>
* layout: <same size as paper>
* layoutoffset:(h,v)=(0.0pt,0.0pt)
* modes: 
* h-part:(L,W,R)=(89.62709pt, 418.25368pt, 89.6271pt)
* v-part:(T,H,B)=(101.40665pt, 591.5302pt, 152.11pt)
* \paperwidth=597.50787pt
* \paperheight=845.04684pt
* \textwidth=496.0pt
* \textheight=722.7pt
* \oddsidemargin=-22.0pt
* \evensidemargin=-22.0pt
* \topmargin=-67.0pt
* \headheight=48.0pt
* \headsep=3.0pt
* \topskip=8.51457pt
* \footskip=30.0pt
* \marginparwidth=60.0pt
* \marginparsep=10.0pt
* \columnsep=21.07251pt
* \skip\footins=10.0pt plus 4.0pt minus 2.0pt
* \hoffset=0.0pt
* \voffset=0.0pt
* \mag=1000
* \@twocolumnfalse
* \@twosidefalse
* \@mparswitchfalse
* \@reversemarginfalse
* (1in=72.27pt=25.4mm, 1cm=28.453pt)

(./pieces/hook7.tex) (./pieces/p01_background_00.tex
File: subject_headers/dc_header_01.pdf Graphic file (type pdf)
<subject_headers/dc_header_01.pdf>
)
Overfull \hbox (1.70007pt too wide) in paragraph at lines 2--69
  [] 
 []

LaTeX Font Info:    Font shape `JT1/mc/bx/n' in size <14.4> not available
(Font)              Font shape `JT1/gt/m/n' tried instead on input line 73.
LaTeX Font Info:    Font shape `JY1/mc/bx/n' in size <14.4> not available
(Font)              Font shape `JY1/gt/m/n' tried instead on input line 73.
LaTeX Font Info:    Font shape `JT1/mc/bx/n' in size <10.95> not available
(Font)              Font shape `JT1/gt/m/n' tried instead on input line 91.
LaTeX Font Info:    Font shape `JY1/mc/bx/n' in size <10.95> not available
(Font)              Font shape `JY1/gt/m/n' tried instead on input line 91.
LaTeX Font Info:    Try loading font information for U+msa on input line 91.
(/usr/local/texlive/2019/texmf-dist/tex/latex/amsfonts/umsa.fd
File: umsa.fd 2013/01/14 v3.01 AMS symbols A
)
LaTeX Font Info:    Try loading font information for U+msb on input line 91.

(/usr/local/texlive/2019/texmf-dist/tex/latex/amsfonts/umsb.fd
File: umsb.fd 2013/01/14 v3.01 AMS symbols B
)
LaTeX Font Info:    Try loading font information for U+lasy on input line 91.

(/usr/local/texlive/2019/texmf-dist/tex/latex/base/ulasy.fd
File: ulasy.fd 1998/08/17 v2.2e LaTeX symbol font definitions
)
(./pieces/p01_background_01.tex

LaTeX Font Warning: Font shape `OT1/cmr/m/n' in size <10.5> not available
(Font)              size <10.95> substituted on input line 2.

[3

]) (./pieces/p02_purpose_plan_00.tex
File: subject_headers/dc_header_02.pdf Graphic file (type pdf)
<subject_headers/dc_header_02.pdf>
)
Overfull \hbox (1.70007pt too wide) in paragraph at lines 2--109
  [] 
 []

[4

] (./pieces/p02_purpose_plan_01.tex [5]) (./pieces/p03_rights_00.tex
File: subject_headers/dc_header_03.pdf Graphic file (type pdf)
<subject_headers/dc_header_03.pdf>
)
Overfull \hbox (1.70007pt too wide) in paragraph at lines 2--169
  [] 
 []

(./pieces/p03_rights_01.tex [6

]) (./pieces/p04_abilities_00.tex
File: subject_headers/dc_header_04.pdf Graphic file (type pdf)
<subject_headers/dc_header_04.pdf>
)
Overfull \hbox (1.70007pt too wide) in paragraph at lines 2--183
  [] 
 []

(./pieces/p04_abilities_01.tex [7

] [8

]) (./pieces/p05_my_ambitions_00.tex
File: subject_headers/dc_header_05.pdf Graphic file (type pdf)
<subject_headers/dc_header_05.pdf>
)
Overfull \hbox (1.70007pt too wide) in paragraph at lines 2--212
  [] 
 []

LaTeX Font Info:    Font shape `JT1/mc/bx/n' in size <9> not available
(Font)              Font shape `JT1/gt/m/n' tried instead on input line 215.
LaTeX Font Info:    Font shape `JY1/mc/bx/n' in size <9> not available
(Font)              Font shape `JY1/gt/m/n' tried instead on input line 215.
(./pieces/p05_my_ambitions_01.tex [9

]) (./pieces/hook9.tex) (./dc.aux)

LaTeX Font Warning: Size substitutions with differences
(Font)              up to 0.45pt have occurred.


LaTeX Warning: There were multiply-defined labels.

 ) 
Here is how much of TeX's memory you used:
 3410 strings out of 493223
 43971 string characters out of 6144416
 127899 words of memory out of 5000000
 7293 multiletter control sequences out of 15000+600000
 17213 words of font info for 71 fonts, out of 8000000 for 9000
 929 hyphenation exceptions out of 8191
 32i,13n,54p,2602b,428s stack positions out of 5000i,500n,10000p,200000b,80000s

Output written on dc.dvi (7 pages, 26128 bytes).
